Data already downloaded in file: /Users/abhishek.chaturvedi/projects/test/data/20180912/banknifty_20180912.csv

Created All Pairs trader file: /Users/abhishek.chaturvedi/projects/test/data/20180912/allPairs_banknifty_20180912.csv
## Trying to find pairs qualifying for a trade ##
Successfully read file: /Users/abhishek.chaturvedi/projects/test/data/20180912/allPairs_banknifty_20180912.csv
[31m## Qualified trades ##[0m
[31mINFO: Over 2SD[0m
[32m     YStock      XStock  PValue  Beta  STD_ERR_Ratio   Alpha  Current_STD_Error
0  AXISBANK  BANKBARODA    0.00  1.88           1.06  288.23               2.56
5  AXISBANK   KOTAKBANK    0.01  0.09           1.07  433.63               2.50
6  AXISBANK         PNB    0.01 -1.20           0.91  652.45               2.26[0m
[34mCreated qualified pair trader file: /Users/abhishek.chaturvedi/projects/test/data/20180912/allPairs_banknifty_20180912_qualified_over2SD.csv
[0m
[31mINFO: Less than 2SD[0m
[32m        YStock    XStock  PValue  Beta  STD_ERR_Ratio    Alpha  Current_STD_Error
8         SBIN  AXISBANK     0.0  0.39           1.09    52.97              -2.05
9      YESBANK  AXISBANK     0.0  0.29           1.09   183.83              -2.37
24    HDFCBANK   RBLBANK     0.0  1.79           1.04  1066.37              -2.30
42  INDUSINDBK   RBLBANK     0.0  1.37           1.04  1151.13              -2.49
46   KOTAKBANK   RBLBANK     0.0  1.60           1.04   384.00              -2.02
53     YESBANK   RBLBANK     0.0  0.42           1.04   114.57              -2.95[0m
[34mCreated qualified pair trader file: /Users/abhishek.chaturvedi/projects/test/data/20180912/allPairs_banknifty_20180912_qualified_less2SD.csv
[0m
